     0.00ns INFO     Found test test_mux.test_mux
     0.00ns INFO     Found test test_mux.test_mux_1
     0.00ns INFO     running test_mux (1/2)
     1.00ns INFO     Given input => 01
                      Select line => 0  
                      Expected Output => 1  
                      Output => 1 
     2.00ns INFO     Given input => 11
                      Select line => 1  
                      Expected Output => 3  
                      Output => 3 
     3.00ns INFO     Given input => 01
                      Select line => 2  
                      Expected Output => 1  
                      Output => 1 
     4.00ns INFO     Given input => 01
                      Select line => 3  
                      Expected Output => 1  
                      Output => 1 
     5.00ns INFO     Given input => 00
                      Select line => 4  
                      Expected Output => 0  
                      Output => 0 
     6.00ns INFO     Given input => 01
                      Select line => 5  
                      Expected Output => 1  
                      Output => 1 
     7.00ns INFO     Given input => 10
                      Select line => 6  
                      Expected Output => 2  
                      Output => 2 
     8.00ns INFO     Given input => 01
                      Select line => 7  
                      Expected Output => 1  
                      Output => 1 
     9.00ns INFO     Given input => 10
                      Select line => 8  
                      Expected Output => 2  
                      Output => 2 
    10.00ns INFO     Given input => 10
                      Select line => 9  
                      Expected Output => 2  
                      Output => 2 
    11.00ns INFO     Given input => 01
                      Select line => 10  
                      Expected Output => 1  
                      Output => 1 
    12.00ns INFO     Given input => 00
                      Select line => 11  
                      Expected Output => 0  
                      Output => 0 
    13.00ns INFO     Given input => 10
                      Select line => 12  
                      Expected Output => 2  
                      Output => 2 
    14.00ns INFO     Given input => 00
                      Select line => 13  
                      Expected Output => 0  
                      Output => 0 
    15.00ns INFO     Given input => 10
                      Select line => 14  
                      Expected Output => 2  
                      Output => 2 
    16.00ns INFO     Given input => 00
                      Select line => 15  
                      Expected Output => 0  
                      Output => 0 
    17.00ns INFO     Given input => 10
                      Select line => 16  
                      Expected Output => 2  
                      Output => 2 
    18.00ns INFO     Given input => 11
                      Select line => 17  
                      Expected Output => 3  
                      Output => 3 
    19.00ns INFO     Given input => 11
                      Select line => 18  
                      Expected Output => 3  
                      Output => 3 
    20.00ns INFO     Given input => 11
                      Select line => 19  
                      Expected Output => 3  
                      Output => 3 
    21.00ns INFO     Given input => 10
                      Select line => 20  
                      Expected Output => 2  
                      Output => 2 
    22.00ns INFO     Given input => 10
                      Select line => 21  
                      Expected Output => 2  
                      Output => 2 
    23.00ns INFO     Given input => 00
                      Select line => 22  
                      Expected Output => 0  
                      Output => 0 
    24.00ns INFO     Given input => 01
                      Select line => 23  
                      Expected Output => 1  
                      Output => 1 
    25.00ns INFO     Given input => 01
                      Select line => 24  
                      Expected Output => 1  
                      Output => 1 
    26.00ns INFO     Given input => 10
                      Select line => 25  
                      Expected Output => 2  
                      Output => 2 
    27.00ns INFO     Given input => 01
                      Select line => 26  
                      Expected Output => 1  
                      Output => 1 
    28.00ns INFO     Given input => 01
                      Select line => 27  
                      Expected Output => 1  
                      Output => 1 
    29.00ns INFO     Given input => 00
                      Select line => 28  
                      Expected Output => 0  
                      Output => 0 
    30.00ns INFO     Given input => 00
                      Select line => 29  
                      Expected Output => 0  
                      Output => 0 
    31.00ns INFO     Given input => 00
                      Select line => 30  
                      Expected Output => 0  
                      Output => 0 
    31.00ns INFO     test_mux passed
    31.00ns INFO     running test_mux_1 (2/2)
    32.00ns INFO     Given input => 01
                      Select line : 30  
                      Expected Output => 1  
                      Output => 1 
    32.00ns INFO     test_mux_1 passed
    32.00ns INFO     **************************************************************************************
                     ** TEST                          STATUS  SIM TIME (ns)  REAL TIME (s)  RATIO (ns/s) **
                     **************************************************************************************
                     ** test_mux.test_mux              PASS          31.00           0.01       3455.42  **
                     ** test_mux.test_mux_1            PASS           1.00           0.00       3377.71  **
                     **************************************************************************************
                     ** TESTS=2 PASS=2 FAIL=0 SKIP=0                 32.00           0.02       2000.03  **
                     **************************************************************************************

                     